<?xml version="1.0" encoding="UTF-8"?>
<testsuite name="tests.TextBoxTests" tests="1" skipped="0" failures="0" errors="0" timestamp="2024-07-20T15:02:00" hostname="DESKTOP-8FVDHRP" time="7.866">
  <properties/>
  <testcase name="fillForumTest()" classname="tests.TextBoxTests" time="7.866"/>
  <system-out><![CDATA[]]></system-out>
  <system-err><![CDATA[[Test worker] INFO com.codeborne.selenide.impl.WebDriverThreadLocalContainer - No webdriver is bound to current thread: 1 - let's create a new webdriver
[Test worker] INFO com.codeborne.selenide.impl.FileHelper - Creating folder: C:\Users\User\IdeaProjects\demoqa-tests-23\build\downloads\1721487720223_16488_1
[Test worker] INFO com.codeborne.selenide.webdriver.WebDriverFactory - BrowserName=chrome Version=126.0.6478.127 Platform=windows
[Test worker] INFO com.codeborne.selenide.webdriver.WebDriverFactory - Selenide v. 7.3.3
[Test worker] INFO com.codeborne.selenide.webdriver.WebDriverFactory - Selenium WebDriver v. 4.22.0 build revision: c5f3146703*
[Test worker] INFO com.codeborne.selenide.drivercommands.CreateDriverCommand - Created webdriver in thread 1: ChromeDriver -> ChromeDriver: chrome on windows (4f90a5bca85b3a8e1c57488d5212d046), downloadsFolder: C:\Users\User\IdeaProjects\demoqa-tests-23\build\downloads\1721487720223_16488_1
[Test worker] INFO com.codeborne.selenide.drivercommands.DisposablesRegistry - Register WebDriverInstance[config=StaticConfig, webDriver=ChromeDriver: chrome on windows (4f90a5bca85b3a8e1c57488d5212d046), proxy=null, downloadsFolder=C:\Users\User\IdeaProjects\demoqa-tests-23\build\downloads\1721487720223_16488_1] in 1 [size=1]
[Test worker] INFO com.codeborne.selenide.drivercommands.DisposablesRegistry - Add shutdown hook in 1 [size=1]
[Test worker] INFO com.codeborne.selenide.impl.WebDriverThreadLocalContainer - Browser will stay open due to holdBrowserOpen=true: 1 -> ChromeDriver: chrome on windows (4f90a5bca85b3a8e1c57488d5212d046)
]]></system-err>
</testsuite>
